<?xml version="1.0" encoding="UTF-8"?>
<testsuite xmlns:xsi="http://www.w3.org/2001/XMLSchema-instance" xsi:noNamespaceSchemaLocation="https://maven.apache.org/surefire/maven-surefire-plugin/xsd/surefire-test-report-3.0.xsd" version="3.0" name="Runner.RunnerTest" time="15.671" tests="3" errors="0" skipped="0" failures="0">
  <properties>
[...]
</properties>
  <testcase name="Given user opens the facebook url" classname="Scenario: validate facebook image" time="0"/>
  <testcase name="Then user is able to click on fb image" classname="Scenario: validate facebook image" time="0.004"/>
  <testcase name="" classname="Scenario: validate facebook image" time="0.004"/>
</testsuite>